<?xml version="1.0" encoding="UTF-8"?>
<testsuite xmlns:xsi="http://www.w3.org/2001/XMLSchema-instance" xsi:noNamespaceSchemaLocation="https://maven.apache.org/surefire/maven-surefire-plugin/xsd/surefire-test-report.xsd" name="com.example.demo.SampleTest" time="4.054" tests="11" errors="0" skipped="0" failures="1">
  <properties>
    <property name="sun.desktop" value="windows"/>
    <property name="awt.toolkit" value="sun.awt.windows.WToolkit"/>
    <property name="file.encoding.pkg" value="sun.io"/>
    <property name="java.specification.version" value="1.8"/>
    <property name="sun.cpu.isalist" value="amd64"/>
    <property name="sun.jnu.encoding" value="GBK"/>
    <property name="java.class.path" value="E:\mybatisPlusStudy\demo01\target\test-classes;E:\mybatisPlusStudy\demo01\target\classes;E:\maven\maven_repository\org\springframework\boot\spring-boot-starter\2.5.4\spring-boot-starter-2.5.4.jar;E:\maven\maven_repository\org\springframework\boot\spring-boot\2.5.4\spring-boot-2.5.4.jar;E:\maven\maven_repository\org\springframework\spring-context\5.3.9\spring-context-5.3.9.jar;E:\maven\maven_repository\org\springframework\spring-aop\5.3.9\spring-aop-5.3.9.jar;E:\maven\maven_repository\org\springframework\spring-beans\5.3.9\spring-beans-5.3.9.jar;E:\maven\maven_repository\org\springframework\spring-expression\5.3.9\spring-expression-5.3.9.jar;E:\maven\maven_repository\org\springframework\boot\spring-boot-autoconfigure\2.5.4\spring-boot-autoconfigure-2.5.4.jar;E:\maven\maven_repository\org\springframework\boot\spring-boot-starter-logging\2.5.4\spring-boot-starter-logging-2.5.4.jar;E:\maven\maven_repository\ch\qos\logback\logback-classic\1.2.5\logback-classic-1.2.5.jar;E:\maven\maven_repository\ch\qos\logback\logback-core\1.2.5\logback-core-1.2.5.jar;E:\maven\maven_repository\org\apache\logging\log4j\log4j-to-slf4j\2.14.1\log4j-to-slf4j-2.14.1.jar;E:\maven\maven_repository\org\apache\logging\log4j\log4j-api\2.14.1\log4j-api-2.14.1.jar;E:\maven\maven_repository\org\slf4j\jul-to-slf4j\1.7.32\jul-to-slf4j-1.7.32.jar;E:\maven\maven_repository\jakarta\annotation\jakarta.annotation-api\1.3.5\jakarta.annotation-api-1.3.5.jar;E:\maven\maven_repository\org\springframework\spring-core\5.3.9\spring-core-5.3.9.jar;E:\maven\maven_repository\org\springframework\spring-jcl\5.3.9\spring-jcl-5.3.9.jar;E:\maven\maven_repository\org\yaml\snakeyaml\1.28\snakeyaml-1.28.jar;E:\maven\maven_repository\com\baomidou\mybatis-plus-boot-starter\3.4.2\mybatis-plus-boot-starter-3.4.2.jar;E:\maven\maven_repository\com\baomidou\mybatis-plus\3.4.2\mybatis-plus-3.4.2.jar;E:\maven\maven_repository\com\baomidou\mybatis-plus-extension\3.4.2\mybatis-plus-extension-3.4.2.jar;E:\maven\maven_repository\com\baomidou\mybatis-plus-core\3.4.2\mybatis-plus-core-3.4.2.jar;E:\maven\maven_repository\com\baomidou\mybatis-plus-annotation\3.4.2\mybatis-plus-annotation-3.4.2.jar;E:\maven\maven_repository\com\github\jsqlparser\jsqlparser\4.0\jsqlparser-4.0.jar;E:\maven\maven_repository\org\mybatis\mybatis\3.5.6\mybatis-3.5.6.jar;E:\maven\maven_repository\org\mybatis\mybatis-spring\2.0.5\mybatis-spring-2.0.5.jar;E:\maven\maven_repository\org\springframework\boot\spring-boot-starter-jdbc\2.5.4\spring-boot-starter-jdbc-2.5.4.jar;E:\maven\maven_repository\com\zaxxer\HikariCP\4.0.3\HikariCP-4.0.3.jar;E:\maven\maven_repository\org\springframework\spring-jdbc\5.3.9\spring-jdbc-5.3.9.jar;E:\maven\maven_repository\org\springframework\spring-tx\5.3.9\spring-tx-5.3.9.jar;E:\maven\maven_repository\org\springframework\boot\spring-boot-starter-test\2.5.4\spring-boot-starter-test-2.5.4.jar;E:\maven\maven_repository\org\springframework\boot\spring-boot-test\2.5.4\spring-boot-test-2.5.4.jar;E:\maven\maven_repository\org\springframework\boot\spring-boot-test-autoconfigure\2.5.4\spring-boot-test-autoconfigure-2.5.4.jar;E:\maven\maven_repository\com\jayway\jsonpath\json-path\2.5.0\json-path-2.5.0.jar;E:\maven\maven_repository\net\minidev\json-smart\2.4.7\json-smart-2.4.7.jar;E:\maven\maven_repository\net\minidev\accessors-smart\2.4.7\accessors-smart-2.4.7.jar;E:\maven\maven_repository\org\ow2\asm\asm\9.1\asm-9.1.jar;E:\maven\maven_repository\jakarta\xml\bind\jakarta.xml.bind-api\2.3.3\jakarta.xml.bind-api-2.3.3.jar;E:\maven\maven_repository\jakarta\activation\jakarta.activation-api\1.2.2\jakarta.activation-api-1.2.2.jar;E:\maven\maven_repository\org\assertj\assertj-core\3.19.0\assertj-core-3.19.0.jar;E:\maven\maven_repository\org\hamcrest\hamcrest\2.2\hamcrest-2.2.jar;E:\maven\maven_repository\org\junit\jupiter\junit-jupiter\5.7.2\junit-jupiter-5.7.2.jar;E:\maven\maven_repository\org\junit\jupiter\junit-jupiter-api\5.7.2\junit-jupiter-api-5.7.2.jar;E:\maven\maven_repository\org\apiguardian\apiguardian-api\1.1.0\apiguardian-api-1.1.0.jar;E:\maven\maven_repository\org\opentest4j\opentest4j\1.2.0\opentest4j-1.2.0.jar;E:\maven\maven_repository\org\junit\platform\junit-platform-commons\1.7.2\junit-platform-commons-1.7.2.jar;E:\maven\maven_repository\org\junit\jupiter\junit-jupiter-params\5.7.2\junit-jupiter-params-5.7.2.jar;E:\maven\maven_repository\org\junit\jupiter\junit-jupiter-engine\5.7.2\junit-jupiter-engine-5.7.2.jar;E:\maven\maven_repository\org\junit\platform\junit-platform-engine\1.7.2\junit-platform-engine-1.7.2.jar;E:\maven\maven_repository\org\mockito\mockito-core\3.9.0\mockito-core-3.9.0.jar;E:\maven\maven_repository\net\bytebuddy\byte-buddy\1.10.22\byte-buddy-1.10.22.jar;E:\maven\maven_repository\net\bytebuddy\byte-buddy-agent\1.10.22\byte-buddy-agent-1.10.22.jar;E:\maven\maven_repository\org\objenesis\objenesis\3.2\objenesis-3.2.jar;E:\maven\maven_repository\org\mockito\mockito-junit-jupiter\3.9.0\mockito-junit-jupiter-3.9.0.jar;E:\maven\maven_repository\org\skyscreamer\jsonassert\1.5.0\jsonassert-1.5.0.jar;E:\maven\maven_repository\com\vaadin\external\google\android-json\0.0.20131108.vaadin1\android-json-0.0.20131108.vaadin1.jar;E:\maven\maven_repository\org\xmlunit\xmlunit-core\2.8.2\xmlunit-core-2.8.2.jar;E:\maven\maven_repository\mysql\mysql-connector-java\8.0.11\mysql-connector-java-8.0.11.jar;E:\maven\maven_repository\org\springframework\boot\spring-boot-starter-thymeleaf\2.5.4\spring-boot-starter-thymeleaf-2.5.4.jar;E:\maven\maven_repository\org\thymeleaf\thymeleaf-spring5\3.0.12.RELEASE\thymeleaf-spring5-3.0.12.RELEASE.jar;E:\maven\maven_repository\org\thymeleaf\thymeleaf\3.0.12.RELEASE\thymeleaf-3.0.12.RELEASE.jar;E:\maven\maven_repository\org\attoparser\attoparser\2.0.5.RELEASE\attoparser-2.0.5.RELEASE.jar;E:\maven\maven_repository\org\unbescape\unbescape\1.1.6.RELEASE\unbescape-1.1.6.RELEASE.jar;E:\maven\maven_repository\org\thymeleaf\extras\thymeleaf-extras-java8time\3.0.4.RELEASE\thymeleaf-extras-java8time-3.0.4.RELEASE.jar;E:\maven\maven_repository\org\projectlombok\lombok\1.18.20\lombok-1.18.20.jar;E:\maven\maven_repository\org\slf4j\slf4j-log4j12\1.7.32\slf4j-log4j12-1.7.32.jar;E:\maven\maven_repository\org\slf4j\slf4j-api\1.7.32\slf4j-api-1.7.32.jar;E:\maven\maven_repository\log4j\log4j\1.2.17\log4j-1.2.17.jar;E:\maven\maven_repository\junit\junit\4.13.2\junit-4.13.2.jar;E:\maven\maven_repository\org\hamcrest\hamcrest-core\2.2\hamcrest-core-2.2.jar;E:\maven\maven_repository\org\springframework\spring-test\5.3.9\spring-test-5.3.9.jar;"/>
    <property name="java.vm.vendor" value="Oracle Corporation"/>
    <property name="sun.arch.data.model" value="64"/>
    <property name="user.variant" value=""/>
    <property name="java.vendor.url" value="http://java.oracle.com/"/>
    <property name="user.timezone" value="Asia/Shanghai"/>
    <property name="java.vm.specification.version" value="1.8"/>
    <property name="os.name" value="Windows 10"/>
    <property name="user.country" value="CN"/>
    <property name="sun.java.launcher" value="SUN_STANDARD"/>
    <property name="sun.boot.library.path" value="E:\javaJdk\jdk1.8\jre\bin"/>
    <property name="sun.java.command" value="C:\Users\87427\AppData\Local\Temp\surefire7617807908742919593\surefirebooter8280098793001875120.jar C:\Users\87427\AppData\Local\Temp\surefire7617807908742919593 2021-08-27T16-03-02_678-jvmRun1 surefire5313839055824696768tmp surefire_06138097166202564008tmp"/>
    <property name="surefire.test.class.path" value="E:\mybatisPlusStudy\demo01\target\test-classes;E:\mybatisPlusStudy\demo01\target\classes;E:\maven\maven_repository\org\springframework\boot\spring-boot-starter\2.5.4\spring-boot-starter-2.5.4.jar;E:\maven\maven_repository\org\springframework\boot\spring-boot\2.5.4\spring-boot-2.5.4.jar;E:\maven\maven_repository\org\springframework\spring-context\5.3.9\spring-context-5.3.9.jar;E:\maven\maven_repository\org\springframework\spring-aop\5.3.9\spring-aop-5.3.9.jar;E:\maven\maven_repository\org\springframework\spring-beans\5.3.9\spring-beans-5.3.9.jar;E:\maven\maven_repository\org\springframework\spring-expression\5.3.9\spring-expression-5.3.9.jar;E:\maven\maven_repository\org\springframework\boot\spring-boot-autoconfigure\2.5.4\spring-boot-autoconfigure-2.5.4.jar;E:\maven\maven_repository\org\springframework\boot\spring-boot-starter-logging\2.5.4\spring-boot-starter-logging-2.5.4.jar;E:\maven\maven_repository\ch\qos\logback\logback-classic\1.2.5\logback-classic-1.2.5.jar;E:\maven\maven_repository\ch\qos\logback\logback-core\1.2.5\logback-core-1.2.5.jar;E:\maven\maven_repository\org\apache\logging\log4j\log4j-to-slf4j\2.14.1\log4j-to-slf4j-2.14.1.jar;E:\maven\maven_repository\org\apache\logging\log4j\log4j-api\2.14.1\log4j-api-2.14.1.jar;E:\maven\maven_repository\org\slf4j\jul-to-slf4j\1.7.32\jul-to-slf4j-1.7.32.jar;E:\maven\maven_repository\jakarta\annotation\jakarta.annotation-api\1.3.5\jakarta.annotation-api-1.3.5.jar;E:\maven\maven_repository\org\springframework\spring-core\5.3.9\spring-core-5.3.9.jar;E:\maven\maven_repository\org\springframework\spring-jcl\5.3.9\spring-jcl-5.3.9.jar;E:\maven\maven_repository\org\yaml\snakeyaml\1.28\snakeyaml-1.28.jar;E:\maven\maven_repository\com\baomidou\mybatis-plus-boot-starter\3.4.2\mybatis-plus-boot-starter-3.4.2.jar;E:\maven\maven_repository\com\baomidou\mybatis-plus\3.4.2\mybatis-plus-3.4.2.jar;E:\maven\maven_repository\com\baomidou\mybatis-plus-extension\3.4.2\mybatis-plus-extension-3.4.2.jar;E:\maven\maven_repository\com\baomidou\mybatis-plus-core\3.4.2\mybatis-plus-core-3.4.2.jar;E:\maven\maven_repository\com\baomidou\mybatis-plus-annotation\3.4.2\mybatis-plus-annotation-3.4.2.jar;E:\maven\maven_repository\com\github\jsqlparser\jsqlparser\4.0\jsqlparser-4.0.jar;E:\maven\maven_repository\org\mybatis\mybatis\3.5.6\mybatis-3.5.6.jar;E:\maven\maven_repository\org\mybatis\mybatis-spring\2.0.5\mybatis-spring-2.0.5.jar;E:\maven\maven_repository\org\springframework\boot\spring-boot-starter-jdbc\2.5.4\spring-boot-starter-jdbc-2.5.4.jar;E:\maven\maven_repository\com\zaxxer\HikariCP\4.0.3\HikariCP-4.0.3.jar;E:\maven\maven_repository\org\springframework\spring-jdbc\5.3.9\spring-jdbc-5.3.9.jar;E:\maven\maven_repository\org\springframework\spring-tx\5.3.9\spring-tx-5.3.9.jar;E:\maven\maven_repository\org\springframework\boot\spring-boot-starter-test\2.5.4\spring-boot-starter-test-2.5.4.jar;E:\maven\maven_repository\org\springframework\boot\spring-boot-test\2.5.4\spring-boot-test-2.5.4.jar;E:\maven\maven_repository\org\springframework\boot\spring-boot-test-autoconfigure\2.5.4\spring-boot-test-autoconfigure-2.5.4.jar;E:\maven\maven_repository\com\jayway\jsonpath\json-path\2.5.0\json-path-2.5.0.jar;E:\maven\maven_repository\net\minidev\json-smart\2.4.7\json-smart-2.4.7.jar;E:\maven\maven_repository\net\minidev\accessors-smart\2.4.7\accessors-smart-2.4.7.jar;E:\maven\maven_repository\org\ow2\asm\asm\9.1\asm-9.1.jar;E:\maven\maven_repository\jakarta\xml\bind\jakarta.xml.bind-api\2.3.3\jakarta.xml.bind-api-2.3.3.jar;E:\maven\maven_repository\jakarta\activation\jakarta.activation-api\1.2.2\jakarta.activation-api-1.2.2.jar;E:\maven\maven_repository\org\assertj\assertj-core\3.19.0\assertj-core-3.19.0.jar;E:\maven\maven_repository\org\hamcrest\hamcrest\2.2\hamcrest-2.2.jar;E:\maven\maven_repository\org\junit\jupiter\junit-jupiter\5.7.2\junit-jupiter-5.7.2.jar;E:\maven\maven_repository\org\junit\jupiter\junit-jupiter-api\5.7.2\junit-jupiter-api-5.7.2.jar;E:\maven\maven_repository\org\apiguardian\apiguardian-api\1.1.0\apiguardian-api-1.1.0.jar;E:\maven\maven_repository\org\opentest4j\opentest4j\1.2.0\opentest4j-1.2.0.jar;E:\maven\maven_repository\org\junit\platform\junit-platform-commons\1.7.2\junit-platform-commons-1.7.2.jar;E:\maven\maven_repository\org\junit\jupiter\junit-jupiter-params\5.7.2\junit-jupiter-params-5.7.2.jar;E:\maven\maven_repository\org\junit\jupiter\junit-jupiter-engine\5.7.2\junit-jupiter-engine-5.7.2.jar;E:\maven\maven_repository\org\junit\platform\junit-platform-engine\1.7.2\junit-platform-engine-1.7.2.jar;E:\maven\maven_repository\org\mockito\mockito-core\3.9.0\mockito-core-3.9.0.jar;E:\maven\maven_repository\net\bytebuddy\byte-buddy\1.10.22\byte-buddy-1.10.22.jar;E:\maven\maven_repository\net\bytebuddy\byte-buddy-agent\1.10.22\byte-buddy-agent-1.10.22.jar;E:\maven\maven_repository\org\objenesis\objenesis\3.2\objenesis-3.2.jar;E:\maven\maven_repository\org\mockito\mockito-junit-jupiter\3.9.0\mockito-junit-jupiter-3.9.0.jar;E:\maven\maven_repository\org\skyscreamer\jsonassert\1.5.0\jsonassert-1.5.0.jar;E:\maven\maven_repository\com\vaadin\external\google\android-json\0.0.20131108.vaadin1\android-json-0.0.20131108.vaadin1.jar;E:\maven\maven_repository\org\xmlunit\xmlunit-core\2.8.2\xmlunit-core-2.8.2.jar;E:\maven\maven_repository\mysql\mysql-connector-java\8.0.11\mysql-connector-java-8.0.11.jar;E:\maven\maven_repository\org\springframework\boot\spring-boot-starter-thymeleaf\2.5.4\spring-boot-starter-thymeleaf-2.5.4.jar;E:\maven\maven_repository\org\thymeleaf\thymeleaf-spring5\3.0.12.RELEASE\thymeleaf-spring5-3.0.12.RELEASE.jar;E:\maven\maven_repository\org\thymeleaf\thymeleaf\3.0.12.RELEASE\thymeleaf-3.0.12.RELEASE.jar;E:\maven\maven_repository\org\attoparser\attoparser\2.0.5.RELEASE\attoparser-2.0.5.RELEASE.jar;E:\maven\maven_repository\org\unbescape\unbescape\1.1.6.RELEASE\unbescape-1.1.6.RELEASE.jar;E:\maven\maven_repository\org\thymeleaf\extras\thymeleaf-extras-java8time\3.0.4.RELEASE\thymeleaf-extras-java8time-3.0.4.RELEASE.jar;E:\maven\maven_repository\org\projectlombok\lombok\1.18.20\lombok-1.18.20.jar;E:\maven\maven_repository\org\slf4j\slf4j-log4j12\1.7.32\slf4j-log4j12-1.7.32.jar;E:\maven\maven_repository\org\slf4j\slf4j-api\1.7.32\slf4j-api-1.7.32.jar;E:\maven\maven_repository\log4j\log4j\1.2.17\log4j-1.2.17.jar;E:\maven\maven_repository\junit\junit\4.13.2\junit-4.13.2.jar;E:\maven\maven_repository\org\hamcrest\hamcrest-core\2.2\hamcrest-core-2.2.jar;E:\maven\maven_repository\org\springframework\spring-test\5.3.9\spring-test-5.3.9.jar;"/>
    <property name="sun.cpu.endian" value="little"/>
    <property name="user.home" value="C:\Users\87427"/>
    <property name="user.language" value="zh"/>
    <property name="java.specification.vendor" value="Oracle Corporation"/>
    <property name="java.home" value="E:\javaJdk\jdk1.8\jre"/>
    <property name="basedir" value="E:\mybatisPlusStudy\demo01"/>
    <property name="file.separator" value="\"/>
    <property name="line.separator" value="&#10;"/>
    <property name="java.vm.specification.vendor" value="Oracle Corporation"/>
    <property name="java.specification.name" value="Java Platform API Specification"/>
    <property name="java.awt.graphicsenv" value="sun.awt.Win32GraphicsEnvironment"/>
    <property name="surefire.real.class.path" value="C:\Users\87427\AppData\Local\Temp\surefire7617807908742919593\surefirebooter8280098793001875120.jar"/>
    <property name="sun.boot.class.path" value="E:\javaJdk\jdk1.8\jre\lib\resources.jar;E:\javaJdk\jdk1.8\jre\lib\rt.jar;E:\javaJdk\jdk1.8\jre\lib\sunrsasign.jar;E:\javaJdk\jdk1.8\jre\lib\jsse.jar;E:\javaJdk\jdk1.8\jre\lib\jce.jar;E:\javaJdk\jdk1.8\jre\lib\charsets.jar;E:\javaJdk\jdk1.8\jre\lib\jfr.jar;E:\javaJdk\jdk1.8\jre\classes"/>
    <property name="user.script" value=""/>
    <property name="sun.management.compiler" value="HotSpot 64-Bit Tiered Compilers"/>
    <property name="java.runtime.version" value="1.8.0_181-b13"/>
    <property name="user.name" value="ling"/>
    <property name="path.separator" value=";"/>
    <property name="os.version" value="10.0"/>
    <property name="java.endorsed.dirs" value="E:\javaJdk\jdk1.8\jre\lib\endorsed"/>
    <property name="java.runtime.name" value="Java(TM) SE Runtime Environment"/>
    <property name="file.encoding" value="GBK"/>
    <property name="java.vm.name" value="Java HotSpot(TM) 64-Bit Server VM"/>
    <property name="localRepository" value="E:\maven\maven_repository"/>
    <property name="java.vendor.url.bug" value="http://bugreport.sun.com/bugreport/"/>
    <property name="java.io.tmpdir" value="C:\Users\87427\AppData\Local\Temp\"/>
    <property name="java.version" value="1.8.0_181"/>
    <property name="user.dir" value="E:\mybatisPlusStudy\demo01"/>
    <property name="os.arch" value="amd64"/>
    <property name="java.vm.specification.name" value="Java Virtual Machine Specification"/>
    <property name="java.awt.printerjob" value="sun.awt.windows.WPrinterJob"/>
    <property name="sun.os.patch.level" value=""/>
    <property name="idea.version2019.3.5" value="true"/>
    <property name="java.library.path" value="E:\javaJdk\jdk1.8\jre\bin;C:\WINDOWS\Sun\Java\bin;C:\WINDOWS\system32;C:\WINDOWS;E:\oracle\install\product\11.2.0\dbhome_1\bin;C:\Program Files (x86)\Common Files\Oracle\Java\javapath;C:\Program Files (x86)\Intel\iCLS Client\;C:\Program Files\Intel\iCLS Client\;C:\Windows\system32;C:\Windows;C:\Windows\System32\Wbem;C:\Windows\System32\WindowsPowerShell\v1.0\;C:\Program Files (x86)\Intel\Intel(R) Management Engine Components\DAL;C:\Program Files\Intel\Intel(R) Management Engine Components\DAL;C:\Program Files (x86)\Intel\Intel(R) Management Engine Components\IPT;C:\Program Files\Intel\Intel(R) Management Engine Components\IPT;C:\Program Files (x86)\NVIDIA Corporation\PhysX\Common;C:\Program Files\Intel\WiFi\bin\;C:\Program Files\Common Files\Intel\WirelessCommon\;C:\WINDOWS\system32;C:\WINDOWS;C:\WINDOWS\System32\Wbem;C:\WINDOWS\System32\WindowsPowerShell\v1.0\;C:\WINDOWS\System32\OpenSSH\;E:\javaJdk\jdk1.8\bin;E:\javaJdk\jdk1.8\jre\bin;E:\Git\install\cmd;E:\apache-tomcat-8.5.68\lib;E:\apache-tomcat-8.5.68\bin;E:\maven\apache-maven-3.5.2\bin;E:\nodejs\;E:\VS Code\bin;E:\nodejs\node_global;;."/>
    <property name="java.vm.info" value="mixed mode"/>
    <property name="java.vendor" value="Oracle Corporation"/>
    <property name="java.vm.version" value="25.181-b13"/>
    <property name="java.ext.dirs" value="E:\javaJdk\jdk1.8\jre\lib\ext;C:\WINDOWS\Sun\Java\lib\ext"/>
    <property name="sun.io.unicode.encoding" value="UnicodeLittle"/>
    <property name="maven.repo.local" value="E:\maven\maven_repository"/>
    <property name="java.class.version" value="52.0"/>
  </properties>
  <testcase name="delete" classname="com.example.demo.SampleTest" time="1.333"/>
  <testcase name="updateQeryWrapper" classname="com.example.demo.SampleTest" time="0.014"/>
  <testcase name="deleteByMap" classname="com.example.demo.SampleTest" time="0.008"/>
  <testcase name="updateById" classname="com.example.demo.SampleTest" time="0.005"/>
  <testcase name="updateWrapper" classname="com.example.demo.SampleTest" time="0.008"/>
  <testcase name="deleteBatchIds" classname="com.example.demo.SampleTest" time="0.006"/>
  <testcase name="selectID" classname="com.example.demo.SampleTest" time="0.047"/>
  <testcase name="testSelect" classname="com.example.demo.SampleTest" time="0.021">
    <failure message="expected: &lt;5&gt; but was: &lt;9&gt;" type="org.opentest4j.AssertionFailedError"><![CDATA[org.opentest4j.AssertionFailedError: expected: <5> but was: <9>
	at com.example.demo.SampleTest.testSelect(SampleTest.java:37)
]]></failure>
    <system-out><![CDATA[----- selectAll method test ------
]]></system-out>
    <system-err><![CDATA[Fri Aug 27 16:03:07 CST 2021 WARN: Establishing SSL connection without server's identity verification is not recommended. According to MySQL 5.5.45+, 5.6.26+ and 5.7.6+ requirements SSL connection must be established by default if explicit option isn't set. For compliance with existing applications not using SSL the verifyServerCertificate property is set to 'false'. You need either to explicitly disable SSL by setting useSSL=false, or set useSSL=true and provide truststore for server certificate verification.
]]></system-err>
  </testcase>
  <testcase name="deleteById" classname="com.example.demo.SampleTest" time="0.004"/>
  <testcase name="saveOne" classname="com.example.demo.SampleTest" time="0.012"/>
  <testcase name="testSelectPage" classname="com.example.demo.SampleTest" time="0.076"/>
</testsuite>